0 info it worked if it ends with ok
1 verbose cli [ '/usr/bin/nodejs',
1 verbose cli   '/usr/bin/npm',
1 verbose cli   'install',
1 verbose cli   '--save',
1 verbose cli   '@angular/material/2.0.0-beta.12',
1 verbose cli   '@angular/cdk/2.0.0-beta.12' ]
2 info using npm@3.5.2
3 info using node@v4.2.6
4 silly loadCurrentTree Starting
5 silly install loadCurrentTree
6 silly install readLocalPackageData
7 silly fetchPackageMetaData @angular/material/2.0.0-beta.12
8 silly fetchPackageMetaData @angular/cdk/2.0.0-beta.12
9 silly fetchOtherPackageData @angular/material/2.0.0-beta.12
10 silly cache add args [ '@angular/material/2.0.0-beta.12', null ]
11 verbose cache add spec @angular/material/2.0.0-beta.12
12 silly fetchOtherPackageData @angular/cdk/2.0.0-beta.12
13 silly cache add args [ '@angular/cdk/2.0.0-beta.12', null ]
14 verbose cache add spec @angular/cdk/2.0.0-beta.12
15 silly cache add parsed spec Result {
15 silly cache add   raw: '@angular/material/2.0.0-beta.12',
15 silly cache add   scope: null,
15 silly cache add   name: null,
15 silly cache add   rawSpec: '@angular/material/2.0.0-beta.12',
15 silly cache add   spec: '/home/gweb/expressproject/@angular/material/2.0.0-beta.12',
15 silly cache add   type: 'local' }
16 silly cache add parsed spec Result {
16 silly cache add   raw: '@angular/cdk/2.0.0-beta.12',
16 silly cache add   scope: null,
16 silly cache add   name: null,
16 silly cache add   rawSpec: '@angular/cdk/2.0.0-beta.12',
16 silly cache add   spec: '/home/gweb/expressproject/@angular/cdk/2.0.0-beta.12',
16 silly cache add   type: 'local' }
17 error addLocal Could not install /home/gweb/expressproject/@angular/material/2.0.0-beta.12
18 silly fetchPackageMetaData Error: ENOENT: no such file or directory, open '/home/gweb/expressproject/@angular/material/2.0.0-beta.12'
18 silly fetchPackageMetaData     at Error (native)
18 silly fetchPackageMetaData  error for @angular/material/2.0.0-beta.12 { [Error: ENOENT: no such file or directory, open '/home/gweb/expressproject/@angular/material/2.0.0-beta.12']
18 silly fetchPackageMetaData   errno: -2,
18 silly fetchPackageMetaData   code: 'ENOENT',
18 silly fetchPackageMetaData   syscall: 'open',
18 silly fetchPackageMetaData   path: '/home/gweb/expressproject/@angular/material/2.0.0-beta.12' }
19 error addLocal Could not install /home/gweb/expressproject/@angular/cdk/2.0.0-beta.12
20 silly fetchPackageMetaData Error: ENOENT: no such file or directory, open '/home/gweb/expressproject/@angular/cdk/2.0.0-beta.12'
20 silly fetchPackageMetaData     at Error (native)
20 silly fetchPackageMetaData  error for @angular/cdk/2.0.0-beta.12 { [Error: ENOENT: no such file or directory, open '/home/gweb/expressproject/@angular/cdk/2.0.0-beta.12']
20 silly fetchPackageMetaData   errno: -2,
20 silly fetchPackageMetaData   code: 'ENOENT',
20 silly fetchPackageMetaData   syscall: 'open',
20 silly fetchPackageMetaData   path: '/home/gweb/expressproject/@angular/cdk/2.0.0-beta.12' }
21 silly rollbackFailedOptional Starting
22 silly rollbackFailedOptional Finishing
23 silly runTopLevelLifecycles Starting
24 silly runTopLevelLifecycles Finishing
25 silly install printInstalled
26 verbose stack Error: ENOENT: no such file or directory, open '/home/gweb/expressproject/@angular/material/2.0.0-beta.12'
26 verbose stack     at Error (native)
27 verbose cwd /home/gweb/expressproject
28 error Linux 4.15.0-32-generic
29 error argv "/usr/bin/nodejs" "/usr/bin/npm" "install" "--save" "@angular/material/2.0.0-beta.12" "@angular/cdk/2.0.0-beta.12"
30 error node v4.2.6
31 error npm  v3.5.2
32 error path /home/gweb/expressproject/@angular/material/2.0.0-beta.12
33 error code ENOENT
34 error errno -2
35 error syscall open
36 error enoent ENOENT: no such file or directory, open '/home/gweb/expressproject/@angular/material/2.0.0-beta.12'
37 error enoent ENOENT: no such file or directory, open '/home/gweb/expressproject/@angular/material/2.0.0-beta.12'
37 error enoent This is most likely not a problem with npm itself
37 error enoent and is related to npm not being able to find a file.
38 verbose exit [ -2, true ]
